<?xml version="1.0" encoding="UTF-8"?>
<!-- Generated by org.testng.reporters.JUnitReportReporter -->
<testsuite hostname="Manish" failures="0" tests="2" name="package1.TestCase01" time="14.075" errors="0" timestamp="2024-06-19T19:40:02 IST" skipped="0">
  <testcase classname="package1.TestCase01" name="verifyTitle" time="8.530"/>
  <system-out/>
  <testcase classname="package1.TestCase01" name="verifyLogo" time="5.545"/>
  <system-out/>
</testsuite> <!-- package1.TestCase01 -->
